<?xml version="1.0" encoding="UTF-8"?>
<testsuite xmlns:xsi="http://www.w3.org/2001/XMLSchema-instance" xsi:noNamespaceSchemaLocation="https://maven.apache.org/surefire/maven-surefire-plugin/xsd/surefire-test-report.xsd" name="FunctionalTests.SeleniumTests" time="17.264" tests="6" errors="5" skipped="1" failures="0">
  <properties>
    <property name="sun.desktop" value="gnome"/>
    <property name="awt.toolkit" value="sun.awt.X11.XToolkit"/>
    <property name="netbeans.deploy" value="true"/>
    <property name="file.encoding.pkg" value="sun.io"/>
    <property name="java.specification.version" value="1.8"/>
    <property name="sun.cpu.isalist" value=""/>
    <property name="sun.jnu.encoding" value="UTF-8"/>
    <property name="java.class.path" value="/home/carlos/NetBeansProjects/TQS_06_07/TQS-WORK-master/jsf-interface/GoFresh/target/test-classes:/home/carlos/NetBeansProjects/TQS_06_07/TQS-WORK-master/jsf-interface/GoFresh/target/classes:/home/carlos/.m2/repository/com/sun/faces/jsf-api/2.2.12/jsf-api-2.2.12.jar:/home/carlos/.m2/repository/com/sun/faces/jsf-impl/2.2.12/jsf-impl-2.2.12.jar:/home/carlos/.m2/repository/javax/servlet/jstl/1.2/jstl-1.2.jar:/home/carlos/.m2/repository/javax/servlet/javax.servlet-api/3.1.0/javax.servlet-api-3.1.0.jar:/home/carlos/.m2/repository/org/apache/httpcomponents/httpcore/4.4.6/httpcore-4.4.6.jar:/home/carlos/.m2/repository/org/apache/httpcomponents/httpclient/4.5.3/httpclient-4.5.3.jar:/home/carlos/.m2/repository/commons-logging/commons-logging/1.2/commons-logging-1.2.jar:/home/carlos/.m2/repository/commons-codec/commons-codec/1.9/commons-codec-1.9.jar:/home/carlos/.m2/repository/org/seleniumhq/selenium/selenium-chrome-driver/2.44.0/selenium-chrome-driver-2.44.0.jar:/home/carlos/.m2/repository/org/seleniumhq/selenium/selenium-remote-driver/2.44.0/selenium-remote-driver-2.44.0.jar:/home/carlos/.m2/repository/cglib/cglib-nodep/2.1_3/cglib-nodep-2.1_3.jar:/home/carlos/.m2/repository/org/seleniumhq/selenium/selenium-api/2.44.0/selenium-api-2.44.0.jar:/home/carlos/.m2/repository/com/google/guava/guava/18.0/guava-18.0.jar:/home/carlos/.m2/repository/org/apache/commons/commons-exec/1.1/commons-exec-1.1.jar:/home/carlos/.m2/repository/net/java/dev/jna/jna/3.4.0/jna-3.4.0.jar:/home/carlos/.m2/repository/net/java/dev/jna/platform/3.4.0/platform-3.4.0.jar:/home/carlos/.m2/repository/org/seleniumhq/selenium/selenium-support/2.44.0/selenium-support-2.44.0.jar:/home/carlos/.m2/repository/javax/javaee-api/7.0/javaee-api-7.0.jar:/home/carlos/.m2/repository/com/sun/mail/javax.mail/1.5.0/javax.mail-1.5.0.jar:/home/carlos/.m2/repository/javax/activation/activation/1.1/activation-1.1.jar:/home/carlos/.m2/repository/org/json/json/20180130/json-20180130.jar:/home/carlos/.m2/repository/com/googlecode/json-simple/json-simple/1.1.1/json-simple-1.1.1.jar:/home/carlos/.m2/repository/junit/junit/4.10/junit-4.10.jar:/home/carlos/.m2/repository/org/hamcrest/hamcrest-core/1.1/hamcrest-core-1.1.jar:/home/carlos/.m2/repository/net/bootsfaces/bootsfaces/1.1.1/bootsfaces-1.1.1.jar:/home/carlos/.m2/repository/com/google/code/gson/gson/2.8.4/gson-2.8.4.jar:/home/carlos/.m2/repository/org/primefaces/primefaces/6.1/primefaces-6.1.jar:/home/carlos/.m2/repository/javax/javaee-web-api/7.0/javaee-web-api-7.0.jar:"/>
    <property name="java.vm.vendor" value="Oracle Corporation"/>
    <property name="sun.arch.data.model" value="64"/>
    <property name="java.vendor.url" value="http://java.oracle.com/"/>
    <property name="user.timezone" value=""/>
    <property name="java.vm.specification.version" value="1.8"/>
    <property name="os.name" value="Linux"/>
    <property name="sun.java.launcher" value="SUN_STANDARD"/>
    <property name="user.country" value="PT"/>
    <property name="sun.boot.library.path" value="/home/carlos/Documentos/Programming_Languages/Java/jdk1.8.0_144/jre/lib/amd64"/>
    <property name="sun.java.command" value="/home/carlos/NetBeansProjects/TQS_06_07/TQS-WORK-master/jsf-interface/GoFresh/target/surefire/surefirebooter7220869861637200239.jar /home/carlos/NetBeansProjects/TQS_06_07/TQS-WORK-master/jsf-interface/GoFresh/target/surefire 2018-07-07T17-16-16_044-jvmRun1 surefire6323661128284199825tmp surefire_07642485870336969243tmp"/>
    <property name="surefire.test.class.path" value="/home/carlos/NetBeansProjects/TQS_06_07/TQS-WORK-master/jsf-interface/GoFresh/target/test-classes:/home/carlos/NetBeansProjects/TQS_06_07/TQS-WORK-master/jsf-interface/GoFresh/target/classes:/home/carlos/.m2/repository/com/sun/faces/jsf-api/2.2.12/jsf-api-2.2.12.jar:/home/carlos/.m2/repository/com/sun/faces/jsf-impl/2.2.12/jsf-impl-2.2.12.jar:/home/carlos/.m2/repository/javax/servlet/jstl/1.2/jstl-1.2.jar:/home/carlos/.m2/repository/javax/servlet/javax.servlet-api/3.1.0/javax.servlet-api-3.1.0.jar:/home/carlos/.m2/repository/org/apache/httpcomponents/httpcore/4.4.6/httpcore-4.4.6.jar:/home/carlos/.m2/repository/org/apache/httpcomponents/httpclient/4.5.3/httpclient-4.5.3.jar:/home/carlos/.m2/repository/commons-logging/commons-logging/1.2/commons-logging-1.2.jar:/home/carlos/.m2/repository/commons-codec/commons-codec/1.9/commons-codec-1.9.jar:/home/carlos/.m2/repository/org/seleniumhq/selenium/selenium-chrome-driver/2.44.0/selenium-chrome-driver-2.44.0.jar:/home/carlos/.m2/repository/org/seleniumhq/selenium/selenium-remote-driver/2.44.0/selenium-remote-driver-2.44.0.jar:/home/carlos/.m2/repository/cglib/cglib-nodep/2.1_3/cglib-nodep-2.1_3.jar:/home/carlos/.m2/repository/org/seleniumhq/selenium/selenium-api/2.44.0/selenium-api-2.44.0.jar:/home/carlos/.m2/repository/com/google/guava/guava/18.0/guava-18.0.jar:/home/carlos/.m2/repository/org/apache/commons/commons-exec/1.1/commons-exec-1.1.jar:/home/carlos/.m2/repository/net/java/dev/jna/jna/3.4.0/jna-3.4.0.jar:/home/carlos/.m2/repository/net/java/dev/jna/platform/3.4.0/platform-3.4.0.jar:/home/carlos/.m2/repository/org/seleniumhq/selenium/selenium-support/2.44.0/selenium-support-2.44.0.jar:/home/carlos/.m2/repository/javax/javaee-api/7.0/javaee-api-7.0.jar:/home/carlos/.m2/repository/com/sun/mail/javax.mail/1.5.0/javax.mail-1.5.0.jar:/home/carlos/.m2/repository/javax/activation/activation/1.1/activation-1.1.jar:/home/carlos/.m2/repository/org/json/json/20180130/json-20180130.jar:/home/carlos/.m2/repository/com/googlecode/json-simple/json-simple/1.1.1/json-simple-1.1.1.jar:/home/carlos/.m2/repository/junit/junit/4.10/junit-4.10.jar:/home/carlos/.m2/repository/org/hamcrest/hamcrest-core/1.1/hamcrest-core-1.1.jar:/home/carlos/.m2/repository/net/bootsfaces/bootsfaces/1.1.1/bootsfaces-1.1.1.jar:/home/carlos/.m2/repository/com/google/code/gson/gson/2.8.4/gson-2.8.4.jar:/home/carlos/.m2/repository/org/primefaces/primefaces/6.1/primefaces-6.1.jar:/home/carlos/.m2/repository/javax/javaee-web-api/7.0/javaee-web-api-7.0.jar:"/>
    <property name="sun.cpu.endian" value="little"/>
    <property name="user.home" value="/home/carlos"/>
    <property name="user.language" value="pt"/>
    <property name="java.specification.vendor" value="Oracle Corporation"/>
    <property name="java.home" value="/home/carlos/Documentos/Programming_Languages/Java/jdk1.8.0_144/jre"/>
    <property name="basedir" value="/home/carlos/NetBeansProjects/TQS_06_07/TQS-WORK-master/jsf-interface/GoFresh"/>
    <property name="file.separator" value="/"/>
    <property name="line.separator" value="&#10;"/>
    <property name="java.vm.specification.vendor" value="Oracle Corporation"/>
    <property name="java.specification.name" value="Java Platform API Specification"/>
    <property name="java.awt.graphicsenv" value="sun.awt.X11GraphicsEnvironment"/>
    <property name="surefire.real.class.path" value="/home/carlos/NetBeansProjects/TQS_06_07/TQS-WORK-master/jsf-interface/GoFresh/target/surefire/surefirebooter7220869861637200239.jar"/>
    <property name="sun.boot.class.path" value="/home/carlos/Documentos/Programming_Languages/Java/jdk1.8.0_144/jre/lib/resources.jar:/home/carlos/Documentos/Programming_Languages/Java/jdk1.8.0_144/jre/lib/rt.jar:/home/carlos/Documentos/Programming_Languages/Java/jdk1.8.0_144/jre/lib/sunrsasign.jar:/home/carlos/Documentos/Programming_Languages/Java/jdk1.8.0_144/jre/lib/jsse.jar:/home/carlos/Documentos/Programming_Languages/Java/jdk1.8.0_144/jre/lib/jce.jar:/home/carlos/Documentos/Programming_Languages/Java/jdk1.8.0_144/jre/lib/charsets.jar:/home/carlos/Documentos/Programming_Languages/Java/jdk1.8.0_144/jre/lib/jfr.jar:/home/carlos/Documentos/Programming_Languages/Java/jdk1.8.0_144/jre/classes"/>
    <property name="sun.management.compiler" value="HotSpot 64-Bit Tiered Compilers"/>
    <property name="java.runtime.version" value="1.8.0_144-b01"/>
    <property name="user.name" value="carlos"/>
    <property name="path.separator" value=":"/>
    <property name="os.version" value="4.13.0-45-generic"/>
    <property name="java.endorsed.dirs" value="/home/carlos/Documentos/Programming_Languages/Java/jdk1.8.0_144/jre/lib/endorsed"/>
    <property name="java.runtime.name" value="Java(TM) SE Runtime Environment"/>
    <property name="file.encoding" value="UTF-8"/>
    <property name="java.vm.name" value="Java HotSpot(TM) 64-Bit Server VM"/>
    <property name="maven.ext.class.path" value="/home/carlos/Documentos/Programas-PC/NetBeans/netbeans-8.2/java/maven-nblib/netbeans-eventspy.jar"/>
    <property name="localRepository" value="/home/carlos/.m2/repository"/>
    <property name="java.vendor.url.bug" value="http://bugreport.sun.com/bugreport/"/>
    <property name="java.io.tmpdir" value="/tmp"/>
    <property name="java.version" value="1.8.0_144"/>
    <property name="user.dir" value="/home/carlos/NetBeansProjects/TQS_06_07/TQS-WORK-master/jsf-interface/GoFresh"/>
    <property name="os.arch" value="amd64"/>
    <property name="java.vm.specification.name" value="Java Virtual Machine Specification"/>
    <property name="java.awt.printerjob" value="sun.print.PSPrinterJob"/>
    <property name="sun.os.patch.level" value="unknown"/>
    <property name="java.library.path" value="/home/carlos/Documentos/Programming_Languages/Java/jdk1.8.0_144/jre/lib/amd64:/home/carlos/Documentos/Programming_Languages/Java/jdk1.8.0_144/jre/lib/i386::/usr/java/packages/lib/amd64:/usr/lib64:/lib64:/lib:/usr/lib"/>
    <property name="java.vm.info" value="mixed mode"/>
    <property name="java.vendor" value="Oracle Corporation"/>
    <property name="java.vm.version" value="25.144-b01"/>
    <property name="java.ext.dirs" value="/home/carlos/Documentos/Programming_Languages/Java/jdk1.8.0_144/jre/lib/ext:/usr/java/packages/lib/ext"/>
    <property name="sun.io.unicode.encoding" value="UnicodeLittle"/>
    <property name="java.class.version" value="52.0"/>
  </properties>
  <testcase name="testLogIn" classname="FunctionalTests.SeleniumTests" time="8.932">
    <error type="java.lang.NullPointerException">java.lang.NullPointerException
	at FunctionalTests.SeleniumTests.testLogIn(SeleniumTests.java:43)
</error>
    <system-err><![CDATA[Starting ChromeDriver 2.39.562737 (dba483cee6a5f15e2e2d73df16968ab10b38a2bf) on port 26432
Only local connections are allowed.
]]></system-err>
  </testcase>
  <testcase name="testLoginFailure" classname="FunctionalTests.SeleniumTests" time="1.836">
    <error message="unknown error: cannot determine loading status&#10;from disconnected: received Inspector.detached event&#10;  (Session info: chrome=67.0.3396.62)&#10;  (Driver info: chromedriver=2.39.562737 (dba483cee6a5f15e2e2d73df16968ab10b38a2bf),platform=Linux 4.13.0-45-generic x86_64) (WARNING: The server did not provide any stacktrace information)&#10;Command duration or timeout: 483 milliseconds&#10;Build info: version: &apos;2.44.0&apos;, revision: &apos;76d78cf323ce037c5f92db6c1bba601c2ac43ad8&apos;, time: &apos;2014-10-23 13:11:40&apos;&#10;System info: host: &apos;carlos-GL552JX&apos;, ip: &apos;127.0.1.1&apos;, os.name: &apos;Linux&apos;, os.arch: &apos;amd64&apos;, os.version: &apos;4.13.0-45-generic&apos;, java.version: &apos;1.8.0_144&apos;&#10;Driver info: org.openqa.selenium.chrome.ChromeDriver&#10;Capabilities [{applicationCacheEnabled=false, rotatable=false, mobileEmulationEnabled=false, networkConnectionEnabled=false, chrome={chromedriverVersion=2.39.562737 (dba483cee6a5f15e2e2d73df16968ab10b38a2bf), userDataDir=/tmp/.org.chromium.Chromium.yJ8V8D}, takesHeapSnapshot=true, pageLoadStrategy=normal, databaseEnabled=false, handlesAlerts=true, hasTouchScreen=false, version=67.0.3396.62, platform=LINUX, browserConnectionEnabled=false, nativeEvents=true, acceptSslCerts=false, acceptInsecureCerts=false, locationContextEnabled=true, webStorageEnabled=true, browserName=chrome, takesScreenshot=true, javascriptEnabled=true, cssSelectorsEnabled=true, setWindowRect=true, unexpectedAlertBehaviour=}]&#10;Session ID: c675d751e46f7f8e3a80de19e6a3f5f3" type="org.openqa.selenium.WebDriverException">org.openqa.selenium.WebDriverException: 
unknown error: cannot determine loading status
from disconnected: received Inspector.detached event
  (Session info: chrome=67.0.3396.62)
  (Driver info: chromedriver=2.39.562737 (dba483cee6a5f15e2e2d73df16968ab10b38a2bf),platform=Linux 4.13.0-45-generic x86_64) (WARNING: The server did not provide any stacktrace information)
Command duration or timeout: 483 milliseconds
Build info: version: '2.44.0', revision: '76d78cf323ce037c5f92db6c1bba601c2ac43ad8', time: '2014-10-23 13:11:40'
System info: host: 'carlos-GL552JX', ip: '127.0.1.1', os.name: 'Linux', os.arch: 'amd64', os.version: '4.13.0-45-generic', java.version: '1.8.0_144'
Driver info: org.openqa.selenium.chrome.ChromeDriver
Capabilities [{applicationCacheEnabled=false, rotatable=false, mobileEmulationEnabled=false, networkConnectionEnabled=false, chrome={chromedriverVersion=2.39.562737 (dba483cee6a5f15e2e2d73df16968ab10b38a2bf), userDataDir=/tmp/.org.chromium.Chromium.yJ8V8D}, takesHeapSnapshot=true, pageLoadStrategy=normal, databaseEnabled=false, handlesAlerts=true, hasTouchScreen=false, version=67.0.3396.62, platform=LINUX, browserConnectionEnabled=false, nativeEvents=true, acceptSslCerts=false, acceptInsecureCerts=false, locationContextEnabled=true, webStorageEnabled=true, browserName=chrome, takesScreenshot=true, javascriptEnabled=true, cssSelectorsEnabled=true, setWindowRect=true, unexpectedAlertBehaviour=}]
Session ID: c675d751e46f7f8e3a80de19e6a3f5f3
	at FunctionalTests.SeleniumTests.testLoginFailure(SeleniumTests.java:58)
</error>
    <system-err><![CDATA[Starting ChromeDriver 2.39.562737 (dba483cee6a5f15e2e2d73df16968ab10b38a2bf) on port 5268
Only local connections are allowed.
]]></system-err>
  </testcase>
  <testcase name="testCart" classname="FunctionalTests.SeleniumTests" time="1.922">
    <error message="unknown error: cannot determine loading status&#10;from disconnected: received Inspector.detached event&#10;  (Session info: chrome=67.0.3396.62)&#10;  (Driver info: chromedriver=2.39.562737 (dba483cee6a5f15e2e2d73df16968ab10b38a2bf),platform=Linux 4.13.0-45-generic x86_64) (WARNING: The server did not provide any stacktrace information)&#10;Command duration or timeout: 503 milliseconds&#10;Build info: version: &apos;2.44.0&apos;, revision: &apos;76d78cf323ce037c5f92db6c1bba601c2ac43ad8&apos;, time: &apos;2014-10-23 13:11:40&apos;&#10;System info: host: &apos;carlos-GL552JX&apos;, ip: &apos;127.0.1.1&apos;, os.name: &apos;Linux&apos;, os.arch: &apos;amd64&apos;, os.version: &apos;4.13.0-45-generic&apos;, java.version: &apos;1.8.0_144&apos;&#10;Driver info: org.openqa.selenium.chrome.ChromeDriver&#10;Capabilities [{applicationCacheEnabled=false, rotatable=false, mobileEmulationEnabled=false, networkConnectionEnabled=false, chrome={chromedriverVersion=2.39.562737 (dba483cee6a5f15e2e2d73df16968ab10b38a2bf), userDataDir=/tmp/.org.chromium.Chromium.In5Wxx}, takesHeapSnapshot=true, pageLoadStrategy=normal, databaseEnabled=false, handlesAlerts=true, hasTouchScreen=false, version=67.0.3396.62, platform=LINUX, browserConnectionEnabled=false, nativeEvents=true, acceptSslCerts=false, acceptInsecureCerts=false, locationContextEnabled=true, webStorageEnabled=true, browserName=chrome, takesScreenshot=true, javascriptEnabled=true, cssSelectorsEnabled=true, setWindowRect=true, unexpectedAlertBehaviour=}]&#10;Session ID: d688a660f12420d6e3d606e1a5366766" type="org.openqa.selenium.WebDriverException">org.openqa.selenium.WebDriverException: 
unknown error: cannot determine loading status
from disconnected: received Inspector.detached event
  (Session info: chrome=67.0.3396.62)
  (Driver info: chromedriver=2.39.562737 (dba483cee6a5f15e2e2d73df16968ab10b38a2bf),platform=Linux 4.13.0-45-generic x86_64) (WARNING: The server did not provide any stacktrace information)
Command duration or timeout: 503 milliseconds
Build info: version: '2.44.0', revision: '76d78cf323ce037c5f92db6c1bba601c2ac43ad8', time: '2014-10-23 13:11:40'
System info: host: 'carlos-GL552JX', ip: '127.0.1.1', os.name: 'Linux', os.arch: 'amd64', os.version: '4.13.0-45-generic', java.version: '1.8.0_144'
Driver info: org.openqa.selenium.chrome.ChromeDriver
Capabilities [{applicationCacheEnabled=false, rotatable=false, mobileEmulationEnabled=false, networkConnectionEnabled=false, chrome={chromedriverVersion=2.39.562737 (dba483cee6a5f15e2e2d73df16968ab10b38a2bf), userDataDir=/tmp/.org.chromium.Chromium.In5Wxx}, takesHeapSnapshot=true, pageLoadStrategy=normal, databaseEnabled=false, handlesAlerts=true, hasTouchScreen=false, version=67.0.3396.62, platform=LINUX, browserConnectionEnabled=false, nativeEvents=true, acceptSslCerts=false, acceptInsecureCerts=false, locationContextEnabled=true, webStorageEnabled=true, browserName=chrome, takesScreenshot=true, javascriptEnabled=true, cssSelectorsEnabled=true, setWindowRect=true, unexpectedAlertBehaviour=}]
Session ID: d688a660f12420d6e3d606e1a5366766
	at FunctionalTests.SeleniumTests.testCart(SeleniumTests.java:71)
</error>
    <system-err><![CDATA[Starting ChromeDriver 2.39.562737 (dba483cee6a5f15e2e2d73df16968ab10b38a2bf) on port 25462
Only local connections are allowed.
]]></system-err>
  </testcase>
  <testcase name="testProfile" classname="FunctionalTests.SeleniumTests" time="1.959">
    <error message="unknown error: cannot determine loading status&#10;from disconnected: received Inspector.detached event&#10;  (Session info: chrome=67.0.3396.62)&#10;  (Driver info: chromedriver=2.39.562737 (dba483cee6a5f15e2e2d73df16968ab10b38a2bf),platform=Linux 4.13.0-45-generic x86_64) (WARNING: The server did not provide any stacktrace information)&#10;Command duration or timeout: 616 milliseconds&#10;Build info: version: &apos;2.44.0&apos;, revision: &apos;76d78cf323ce037c5f92db6c1bba601c2ac43ad8&apos;, time: &apos;2014-10-23 13:11:40&apos;&#10;System info: host: &apos;carlos-GL552JX&apos;, ip: &apos;127.0.1.1&apos;, os.name: &apos;Linux&apos;, os.arch: &apos;amd64&apos;, os.version: &apos;4.13.0-45-generic&apos;, java.version: &apos;1.8.0_144&apos;&#10;Driver info: org.openqa.selenium.chrome.ChromeDriver&#10;Capabilities [{applicationCacheEnabled=false, rotatable=false, mobileEmulationEnabled=false, networkConnectionEnabled=false, chrome={chromedriverVersion=2.39.562737 (dba483cee6a5f15e2e2d73df16968ab10b38a2bf), userDataDir=/tmp/.org.chromium.Chromium.TKhHvz}, takesHeapSnapshot=true, pageLoadStrategy=normal, databaseEnabled=false, handlesAlerts=true, hasTouchScreen=false, version=67.0.3396.62, platform=LINUX, browserConnectionEnabled=false, nativeEvents=true, acceptSslCerts=false, acceptInsecureCerts=false, locationContextEnabled=true, webStorageEnabled=true, browserName=chrome, takesScreenshot=true, javascriptEnabled=true, cssSelectorsEnabled=true, setWindowRect=true, unexpectedAlertBehaviour=}]&#10;Session ID: 092ec6c2516bba46c8fcecd14ca1a3c0" type="org.openqa.selenium.WebDriverException">org.openqa.selenium.WebDriverException: 
unknown error: cannot determine loading status
from disconnected: received Inspector.detached event
  (Session info: chrome=67.0.3396.62)
  (Driver info: chromedriver=2.39.562737 (dba483cee6a5f15e2e2d73df16968ab10b38a2bf),platform=Linux 4.13.0-45-generic x86_64) (WARNING: The server did not provide any stacktrace information)
Command duration or timeout: 616 milliseconds
Build info: version: '2.44.0', revision: '76d78cf323ce037c5f92db6c1bba601c2ac43ad8', time: '2014-10-23 13:11:40'
System info: host: 'carlos-GL552JX', ip: '127.0.1.1', os.name: 'Linux', os.arch: 'amd64', os.version: '4.13.0-45-generic', java.version: '1.8.0_144'
Driver info: org.openqa.selenium.chrome.ChromeDriver
Capabilities [{applicationCacheEnabled=false, rotatable=false, mobileEmulationEnabled=false, networkConnectionEnabled=false, chrome={chromedriverVersion=2.39.562737 (dba483cee6a5f15e2e2d73df16968ab10b38a2bf), userDataDir=/tmp/.org.chromium.Chromium.TKhHvz}, takesHeapSnapshot=true, pageLoadStrategy=normal, databaseEnabled=false, handlesAlerts=true, hasTouchScreen=false, version=67.0.3396.62, platform=LINUX, browserConnectionEnabled=false, nativeEvents=true, acceptSslCerts=false, acceptInsecureCerts=false, locationContextEnabled=true, webStorageEnabled=true, browserName=chrome, takesScreenshot=true, javascriptEnabled=true, cssSelectorsEnabled=true, setWindowRect=true, unexpectedAlertBehaviour=}]
Session ID: 092ec6c2516bba46c8fcecd14ca1a3c0
	at FunctionalTests.SeleniumTests.testProfile(SeleniumTests.java:78)
</error>
    <system-err><![CDATA[Starting ChromeDriver 2.39.562737 (dba483cee6a5f15e2e2d73df16968ab10b38a2bf) on port 6544
Only local connections are allowed.
]]></system-err>
  </testcase>
  <testcase name="testCartAddProduct" classname="FunctionalTests.SeleniumTests" time="0">
    <skipped/>
  </testcase>
  <testcase name="testHomeFilter" classname="FunctionalTests.SeleniumTests" time="2.589">
    <error type="java.lang.NullPointerException">java.lang.NullPointerException
	at FunctionalTests.SeleniumTests.testHomeFilter(SeleniumTests.java:94)
</error>
    <system-err><![CDATA[Starting ChromeDriver 2.39.562737 (dba483cee6a5f15e2e2d73df16968ab10b38a2bf) on port 5818
Only local connections are allowed.
]]></system-err>
  </testcase>
</testsuite>