<?xml version="1.0" encoding="UTF-8"?>
<testsuite xmlns:xsi="http://www.w3.org/2001/XMLSchema-instance" xsi:noNamespaceSchemaLocation="https://maven.apache.org/surefire/maven-surefire-plugin/xsd/surefire-test-report.xsd" name="test" time="4.118" tests="4" errors="0" skipped="2" failures="0">
  <properties>
    <property name="sun.desktop" value="gnome"/>
    <property name="awt.toolkit" value="sun.awt.X11.XToolkit"/>
    <property name="file.encoding.pkg" value="sun.io"/>
    <property name="java.specification.version" value="1.8"/>
    <property name="sun.cpu.isalist" value=""/>
    <property name="sun.jnu.encoding" value="UTF-8"/>
    <property name="java.class.path" value="/home/carlossoares/Desktop/TQS/GoFresh/target/test-classes:/home/carlossoares/Desktop/TQS/GoFresh/target/classes:/home/carlossoares/.m2/repository/com/sun/faces/jsf-api/2.2.12/jsf-api-2.2.12.jar:/home/carlossoares/.m2/repository/com/sun/faces/jsf-impl/2.2.12/jsf-impl-2.2.12.jar:/home/carlossoares/.m2/repository/org/primefaces/primefaces/6.0/primefaces-6.0.jar:/home/carlossoares/.m2/repository/javax/servlet/jstl/1.2/jstl-1.2.jar:/home/carlossoares/.m2/repository/javax/servlet/javax.servlet-api/3.1.0/javax.servlet-api-3.1.0.jar:/home/carlossoares/.m2/repository/org/apache/httpcomponents/httpcore/4.4.6/httpcore-4.4.6.jar:/home/carlossoares/.m2/repository/org/apache/httpcomponents/httpclient/4.5.3/httpclient-4.5.3.jar:/home/carlossoares/.m2/repository/commons-logging/commons-logging/1.2/commons-logging-1.2.jar:/home/carlossoares/.m2/repository/commons-codec/commons-codec/1.9/commons-codec-1.9.jar:/home/carlossoares/.m2/repository/org/seleniumhq/selenium/selenium-chrome-driver/2.44.0/selenium-chrome-driver-2.44.0.jar:/home/carlossoares/.m2/repository/org/seleniumhq/selenium/selenium-remote-driver/2.44.0/selenium-remote-driver-2.44.0.jar:/home/carlossoares/.m2/repository/cglib/cglib-nodep/2.1_3/cglib-nodep-2.1_3.jar:/home/carlossoares/.m2/repository/org/seleniumhq/selenium/selenium-api/2.44.0/selenium-api-2.44.0.jar:/home/carlossoares/.m2/repository/com/google/guava/guava/18.0/guava-18.0.jar:/home/carlossoares/.m2/repository/org/apache/commons/commons-exec/1.1/commons-exec-1.1.jar:/home/carlossoares/.m2/repository/net/java/dev/jna/jna/3.4.0/jna-3.4.0.jar:/home/carlossoares/.m2/repository/net/java/dev/jna/platform/3.4.0/platform-3.4.0.jar:/home/carlossoares/.m2/repository/org/seleniumhq/selenium/selenium-support/2.44.0/selenium-support-2.44.0.jar:/home/carlossoares/.m2/repository/javax/javaee-api/7.0/javaee-api-7.0.jar:/home/carlossoares/.m2/repository/com/sun/mail/javax.mail/1.5.0/javax.mail-1.5.0.jar:/home/carlossoares/.m2/repository/javax/activation/activation/1.1/activation-1.1.jar:/home/carlossoares/.m2/repository/org/json/json/20180130/json-20180130.jar:/home/carlossoares/.m2/repository/com/googlecode/json-simple/json-simple/1.1.1/json-simple-1.1.1.jar:/home/carlossoares/.m2/repository/junit/junit/4.10/junit-4.10.jar:/home/carlossoares/.m2/repository/org/hamcrest/hamcrest-core/1.1/hamcrest-core-1.1.jar:/home/carlossoares/.m2/repository/net/bootsfaces/bootsfaces/1.1.1/bootsfaces-1.1.1.jar:/home/carlossoares/.m2/repository/com/google/code/gson/gson/2.8.4/gson-2.8.4.jar:/home/carlossoares/.m2/repository/javax/javaee-web-api/7.0/javaee-web-api-7.0.jar:"/>
    <property name="java.vm.vendor" value="Oracle Corporation"/>
    <property name="sun.arch.data.model" value="64"/>
    <property name="java.vendor.url" value="http://java.oracle.com/"/>
    <property name="user.timezone" value=""/>
    <property name="java.vm.specification.version" value="1.8"/>
    <property name="os.name" value="Linux"/>
    <property name="sun.java.launcher" value="SUN_STANDARD"/>
    <property name="user.country" value="US"/>
    <property name="sun.boot.library.path" value="/usr/lib/jvm/java-8-oracle/jre/lib/amd64"/>
    <property name="sun.java.command" value="/home/carlossoares/Desktop/TQS/GoFresh/target/surefire/surefirebooter6190883126557960526.jar /home/carlossoares/Desktop/TQS/GoFresh/target/surefire 2018-07-11T12-29-44_012-jvmRun1 surefire7457932675484321337tmp surefire_06009870737116344024tmp"/>
    <property name="test" value="test"/>
    <property name="surefire.test.class.path" value="/home/carlossoares/Desktop/TQS/GoFresh/target/test-classes:/home/carlossoares/Desktop/TQS/GoFresh/target/classes:/home/carlossoares/.m2/repository/com/sun/faces/jsf-api/2.2.12/jsf-api-2.2.12.jar:/home/carlossoares/.m2/repository/com/sun/faces/jsf-impl/2.2.12/jsf-impl-2.2.12.jar:/home/carlossoares/.m2/repository/org/primefaces/primefaces/6.0/primefaces-6.0.jar:/home/carlossoares/.m2/repository/javax/servlet/jstl/1.2/jstl-1.2.jar:/home/carlossoares/.m2/repository/javax/servlet/javax.servlet-api/3.1.0/javax.servlet-api-3.1.0.jar:/home/carlossoares/.m2/repository/org/apache/httpcomponents/httpcore/4.4.6/httpcore-4.4.6.jar:/home/carlossoares/.m2/repository/org/apache/httpcomponents/httpclient/4.5.3/httpclient-4.5.3.jar:/home/carlossoares/.m2/repository/commons-logging/commons-logging/1.2/commons-logging-1.2.jar:/home/carlossoares/.m2/repository/commons-codec/commons-codec/1.9/commons-codec-1.9.jar:/home/carlossoares/.m2/repository/org/seleniumhq/selenium/selenium-chrome-driver/2.44.0/selenium-chrome-driver-2.44.0.jar:/home/carlossoares/.m2/repository/org/seleniumhq/selenium/selenium-remote-driver/2.44.0/selenium-remote-driver-2.44.0.jar:/home/carlossoares/.m2/repository/cglib/cglib-nodep/2.1_3/cglib-nodep-2.1_3.jar:/home/carlossoares/.m2/repository/org/seleniumhq/selenium/selenium-api/2.44.0/selenium-api-2.44.0.jar:/home/carlossoares/.m2/repository/com/google/guava/guava/18.0/guava-18.0.jar:/home/carlossoares/.m2/repository/org/apache/commons/commons-exec/1.1/commons-exec-1.1.jar:/home/carlossoares/.m2/repository/net/java/dev/jna/jna/3.4.0/jna-3.4.0.jar:/home/carlossoares/.m2/repository/net/java/dev/jna/platform/3.4.0/platform-3.4.0.jar:/home/carlossoares/.m2/repository/org/seleniumhq/selenium/selenium-support/2.44.0/selenium-support-2.44.0.jar:/home/carlossoares/.m2/repository/javax/javaee-api/7.0/javaee-api-7.0.jar:/home/carlossoares/.m2/repository/com/sun/mail/javax.mail/1.5.0/javax.mail-1.5.0.jar:/home/carlossoares/.m2/repository/javax/activation/activation/1.1/activation-1.1.jar:/home/carlossoares/.m2/repository/org/json/json/20180130/json-20180130.jar:/home/carlossoares/.m2/repository/com/googlecode/json-simple/json-simple/1.1.1/json-simple-1.1.1.jar:/home/carlossoares/.m2/repository/junit/junit/4.10/junit-4.10.jar:/home/carlossoares/.m2/repository/org/hamcrest/hamcrest-core/1.1/hamcrest-core-1.1.jar:/home/carlossoares/.m2/repository/net/bootsfaces/bootsfaces/1.1.1/bootsfaces-1.1.1.jar:/home/carlossoares/.m2/repository/com/google/code/gson/gson/2.8.4/gson-2.8.4.jar:/home/carlossoares/.m2/repository/javax/javaee-web-api/7.0/javaee-web-api-7.0.jar:"/>
    <property name="sun.cpu.endian" value="little"/>
    <property name="user.home" value="/home/carlossoares"/>
    <property name="user.language" value="en"/>
    <property name="java.specification.vendor" value="Oracle Corporation"/>
    <property name="java.home" value="/usr/lib/jvm/java-8-oracle/jre"/>
    <property name="basedir" value="/home/carlossoares/Desktop/TQS/GoFresh"/>
    <property name="file.separator" value="/"/>
    <property name="line.separator" value="&#10;"/>
    <property name="java.vm.specification.vendor" value="Oracle Corporation"/>
    <property name="java.specification.name" value="Java Platform API Specification"/>
    <property name="java.awt.graphicsenv" value="sun.awt.X11GraphicsEnvironment"/>
    <property name="surefire.real.class.path" value="/home/carlossoares/Desktop/TQS/GoFresh/target/surefire/surefirebooter6190883126557960526.jar"/>
    <property name="sun.boot.class.path" value="/usr/lib/jvm/java-8-oracle/jre/lib/resources.jar:/usr/lib/jvm/java-8-oracle/jre/lib/rt.jar:/usr/lib/jvm/java-8-oracle/jre/lib/sunrsasign.jar:/usr/lib/jvm/java-8-oracle/jre/lib/jsse.jar:/usr/lib/jvm/java-8-oracle/jre/lib/jce.jar:/usr/lib/jvm/java-8-oracle/jre/lib/charsets.jar:/usr/lib/jvm/java-8-oracle/jre/lib/jfr.jar:/usr/lib/jvm/java-8-oracle/jre/classes"/>
    <property name="sun.management.compiler" value="HotSpot 64-Bit Tiered Compilers"/>
    <property name="java.runtime.version" value="1.8.0_151-b12"/>
    <property name="user.name" value="carlossoares"/>
    <property name="path.separator" value=":"/>
    <property name="os.version" value="4.8.0-53-generic"/>
    <property name="java.endorsed.dirs" value="/usr/lib/jvm/java-8-oracle/jre/lib/endorsed"/>
    <property name="java.runtime.name" value="Java(TM) SE Runtime Environment"/>
    <property name="file.encoding" value="UTF-8"/>
    <property name="java.vm.name" value="Java HotSpot(TM) 64-Bit Server VM"/>
    <property name="maven.ext.class.path" value="/home/carlossoares/netbeans-dev-201802200002/java/maven-nblib/netbeans-eventspy.jar"/>
    <property name="localRepository" value="/home/carlossoares/.m2/repository"/>
    <property name="java.vendor.url.bug" value="http://bugreport.sun.com/bugreport/"/>
    <property name="java.io.tmpdir" value="/tmp"/>
    <property name="java.version" value="1.8.0_151"/>
    <property name="user.dir" value="/home/carlossoares/Desktop/TQS/GoFresh"/>
    <property name="os.arch" value="amd64"/>
    <property name="java.vm.specification.name" value="Java Virtual Machine Specification"/>
    <property name="java.awt.printerjob" value="sun.print.PSPrinterJob"/>
    <property name="sun.os.patch.level" value="unknown"/>
    <property name="java.library.path" value="/usr/java/packages/lib/amd64:/usr/lib64:/lib64:/lib:/usr/lib"/>
    <property name="java.vm.info" value="mixed mode"/>
    <property name="java.vendor" value="Oracle Corporation"/>
    <property name="java.vm.version" value="25.151-b12"/>
    <property name="java.ext.dirs" value="/usr/lib/jvm/java-8-oracle/jre/lib/ext:/usr/java/packages/lib/ext"/>
    <property name="sun.io.unicode.encoding" value="UnicodeLittle"/>
    <property name="java.class.version" value="52.0"/>
  </properties>
  <testcase name="testLogIn" classname="test" time="2.259"/>
  <testcase name="testFailedLogIn" classname="test" time="1.831"/>
  <testcase name="testCart" classname="test" time="0">
    <skipped/>
  </testcase>
  <testcase name="testProfile" classname="test" time="0">
    <skipped/>
  </testcase>
</testsuite>